[0915/173014.828:ERROR:process_reader_win.cc(123)] NtOpenThread: {Acesso Negado} Um processo solicitou acesso a um objeto, mas o direito de acesso nï¿½o lhe foi concedido. (0xc0000022)
[0915/173014.830:ERROR:exception_snapshot_win.cc(99)] thread ID 13960 not found in process
[0915/173205.326:ERROR:process_reader_win.cc(151)] SuspendThread: Acesso negado. (0x5)
[0915/173205.327:ERROR:process_reader_win.cc(123)] NtOpenThread: {Acesso Negado} Um processo solicitou acesso a um objeto, mas o direito de acesso nï¿½o lhe foi concedido. (0xc0000022)
[0915/173205.327:ERROR:exception_snapshot_win.cc(99)] thread ID 10996 not found in process
[0915/173411.688:ERROR:process_reader_win.cc(123)] NtOpenThread: {Acesso Negado} Um processo solicitou acesso a um objeto, mas o direito de acesso nï¿½o lhe foi concedido. (0xc0000022)
[0915/173411.703:ERROR:process_reader_win.cc(123)] NtOpenThread: {Acesso Negado} Um processo solicitou acesso a um objeto, mas o direito de acesso nï¿½o lhe foi concedido. (0xc0000022)
[0915/173411.744:ERROR:exception_snapshot_win.cc(99)] thread ID 15892 not found in process
[0915/173411.744:ERROR:exception_snapshot_win.cc(99)] thread ID 14772 not found in process
[0916/092837.378:ERROR:process_reader_win.cc(123)] NtOpenThread: {Acesso Negado} Um processo solicitou acesso a um objeto, mas o direito de acesso nï¿½o lhe foi concedido. (0xc0000022)
[0916/092837.378:ERROR:process_reader_win.cc(123)] NtOpenThread: {Acesso Negado} Um processo solicitou acesso a um objeto, mas o direito de acesso nï¿½o lhe foi concedido. (0xc0000022)
[0916/092837.389:ERROR:exception_snapshot_win.cc(99)] thread ID 18544 not found in process
[0916/092837.389:ERROR:exception_snapshot_win.cc(99)] thread ID 8812 not found in process
[0916/092837.395:ERROR:process_reader_win.cc(123)] NtOpenThread: {Acesso Negado} Um processo solicitou acesso a um objeto, mas o direito de acesso nï¿½o lhe foi concedido. (0xc0000022)
[0916/092837.395:ERROR:exception_snapshot_win.cc(99)] thread ID 9820 not found in process
[0916/135136.346:ERROR:process_reader_win.cc(123)] NtOpenThread: {Acesso Negado} Um processo solicitou acesso a um objeto, mas o direito de acesso nï¿½o lhe foi concedido. (0xc0000022)
[0916/135136.347:ERROR:exception_snapshot_win.cc(99)] thread ID 16764 not found in process
[0916/135136.367:ERROR:process_reader_win.cc(123)] NtOpenThread: {Acesso Negado} Um processo solicitou acesso a um objeto, mas o direito de acesso nï¿½o lhe foi concedido. (0xc0000022)
[0916/135136.367:ERROR:exception_snapshot_win.cc(99)] thread ID 16772 not found in process
[0916/140049.306:ERROR:process_reader_win.cc(123)] NtOpenThread: {Acesso Negado} Um processo solicitou acesso a um objeto, mas o direito de acesso nï¿½o lhe foi concedido. (0xc0000022)
[0916/140049.307:ERROR:exception_snapshot_win.cc(99)] thread ID 1100 not found in process
[0916/140049.315:ERROR:process_reader_win.cc(123)] NtOpenThread: {Acesso Negado} Um processo solicitou acesso a um objeto, mas o direito de acesso nï¿½o lhe foi concedido. (0xc0000022)
[0916/140049.316:ERROR:exception_snapshot_win.cc(99)] thread ID 8224 not found in process
[0916/140049.332:ERROR:process_reader_win.cc(123)] NtOpenThread: {Acesso Negado} Um processo solicitou acesso a um objeto, mas o direito de acesso nï¿½o lhe foi concedido. (0xc0000022)
[0916/140049.332:ERROR:exception_snapshot_win.cc(99)] thread ID 17212 not found in process
[0918/170948.176:ERROR:process_reader_win.cc(123)] NtOpenThread: {Acesso Negado} Um processo solicitou acesso a um objeto, mas o direito de acesso nï¿½o lhe foi concedido. (0xc0000022)
[0918/170948.182:ERROR:exception_snapshot_win.cc(99)] thread ID 8164 not found in process
[0918/170948.205:ERROR:process_reader_win.cc(123)] NtOpenThread: {Acesso Negado} Um processo solicitou acesso a um objeto, mas o direito de acesso nï¿½o lhe foi concedido. (0xc0000022)
[0918/170948.205:ERROR:exception_snapshot_win.cc(99)] thread ID 2636 not found in process
[0918/173759.848:ERROR:process_reader_win.cc(123)] NtOpenThread: {Acesso Negado} Um processo solicitou acesso a um objeto, mas o direito de acesso nï¿½o lhe foi concedido. (0xc0000022)
[0918/173759.848:ERROR:exception_snapshot_win.cc(99)] thread ID 10896 not found in process
[0918/173759.873:ERROR:process_reader_win.cc(123)] NtOpenThread: {Acesso Negado} Um processo solicitou acesso a um objeto, mas o direito de acesso nï¿½o lhe foi concedido. (0xc0000022)
[0918/173759.874:ERROR:exception_snapshot_win.cc(99)] thread ID 9852 not found in process
[0918/174347.050:ERROR:process_reader_win.cc(123)] NtOpenThread: {Acesso Negado} Um processo solicitou acesso a um objeto, mas o direito de acesso nï¿½o lhe foi concedido. (0xc0000022)
[0918/174347.051:ERROR:exception_snapshot_win.cc(99)] thread ID 15708 not found in process
[0918/174347.066:ERROR:process_reader_win.cc(123)] NtOpenThread: {Acesso Negado} Um processo solicitou acesso a um objeto, mas o direito de acesso nï¿½o lhe foi concedido. (0xc0000022)
[0918/174347.066:ERROR:exception_snapshot_win.cc(99)] thread ID 7872 not found in process
[0918/180218.670:ERROR:process_reader_win.cc(123)] NtOpenThread: {Acesso Negado} Um processo solicitou acesso a um objeto, mas o direito de acesso nï¿½o lhe foi concedido. (0xc0000022)
[0918/180218.671:ERROR:exception_snapshot_win.cc(99)] thread ID 11864 not found in process
[0918/180218.684:ERROR:process_reader_win.cc(123)] NtOpenThread: {Acesso Negado} Um processo solicitou acesso a um objeto, mas o direito de acesso nï¿½o lhe foi concedido. (0xc0000022)
[0918/180218.684:ERROR:exception_snapshot_win.cc(99)] thread ID 9376 not found in process
[0923/081746.907:ERROR:process_reader_win.cc(123)] NtOpenThread: {Acesso Negado} Um processo solicitou acesso a um objeto, mas o direito de acesso nï¿½o lhe foi concedido. (0xc0000022)
[0923/081746.908:ERROR:exception_snapshot_win.cc(99)] thread ID 10516 not found in process
[0923/081746.917:ERROR:process_reader_win.cc(123)] NtOpenThread: {Acesso Negado} Um processo solicitou acesso a um objeto, mas o direito de acesso nï¿½o lhe foi concedido. (0xc0000022)
[0923/081746.917:ERROR:exception_snapshot_win.cc(99)] thread ID 10492 not found in process
[0923/082032.489:ERROR:process_reader_win.cc(123)] NtOpenThread: {Acesso Negado} Um processo solicitou acesso a um objeto, mas o direito de acesso nï¿½o lhe foi concedido. (0xc0000022)
[0923/082032.490:ERROR:exception_snapshot_win.cc(99)] thread ID 14044 not found in process
[0923/082032.499:ERROR:process_reader_win.cc(123)] NtOpenThread: {Acesso Negado} Um processo solicitou acesso a um objeto, mas o direito de acesso nï¿½o lhe foi concedido. (0xc0000022)
[0923/082032.499:ERROR:exception_snapshot_win.cc(99)] thread ID 14048 not found in process
[0923/082506.358:ERROR:process_reader_win.cc(123)] NtOpenThread: {Acesso Negado} Um processo solicitou acesso a um objeto, mas o direito de acesso nï¿½o lhe foi concedido. (0xc0000022)
[0923/082506.359:ERROR:exception_snapshot_win.cc(99)] thread ID 3904 not found in process
[0923/082506.369:ERROR:process_reader_win.cc(123)] NtOpenThread: {Acesso Negado} Um processo solicitou acesso a um objeto, mas o direito de acesso nï¿½o lhe foi concedido. (0xc0000022)
[0923/082506.369:ERROR:exception_snapshot_win.cc(99)] thread ID 2424 not found in process
[0923/082850.680:ERROR:process_reader_win.cc(123)] NtOpenThread: {Acesso Negado} Um processo solicitou acesso a um objeto, mas o direito de acesso nï¿½o lhe foi concedido. (0xc0000022)
[0923/082850.680:ERROR:process_reader_win.cc(123)] NtOpenThread: {Acesso Negado} Um processo solicitou acesso a um objeto, mas o direito de acesso nï¿½o lhe foi concedido. (0xc0000022)
[0923/082850.682:ERROR:exception_snapshot_win.cc(99)] thread ID 5548 not found in process
[0923/082850.682:ERROR:exception_snapshot_win.cc(99)] thread ID 10916 not found in process
[0923/082850.694:ERROR:process_reader_win.cc(123)] NtOpenThread: {Acesso Negado} Um processo solicitou acesso a um objeto, mas o direito de acesso nï¿½o lhe foi concedido. (0xc0000022)
[0923/082850.694:ERROR:exception_snapshot_win.cc(99)] thread ID 4840 not found in process
[0923/084406.194:ERROR:process_reader_win.cc(123)] NtOpenThread: {Acesso Negado} Um processo solicitou acesso a um objeto, mas o direito de acesso nï¿½o lhe foi concedido. (0xc0000022)
[0923/084406.195:ERROR:exception_snapshot_win.cc(99)] thread ID 11792 not found in process
[0923/084406.208:ERROR:process_reader_win.cc(123)] NtOpenThread: {Acesso Negado} Um processo solicitou acesso a um objeto, mas o direito de acesso nï¿½o lhe foi concedido. (0xc0000022)
[0923/084406.208:ERROR:exception_snapshot_win.cc(99)] thread ID 14244 not found in process
[0923/091559.351:ERROR:process_reader_win.cc(123)] NtOpenThread: {Acesso Negado} Um processo solicitou acesso a um objeto, mas o direito de acesso nï¿½o lhe foi concedido. (0xc0000022)
[0923/091559.353:ERROR:exception_snapshot_win.cc(99)] thread ID 8772 not found in process
[0923/091559.353:ERROR:process_reader_win.cc(123)] NtOpenThread: {Acesso Negado} Um processo solicitou acesso a um objeto, mas o direito de acesso nï¿½o lhe foi concedido. (0xc0000022)
[0923/091559.353:ERROR:exception_snapshot_win.cc(99)] thread ID 13480 not found in process
[0923/091559.366:ERROR:process_reader_win.cc(123)] NtOpenThread: {Acesso Negado} Um processo solicitou acesso a um objeto, mas o direito de acesso nï¿½o lhe foi concedido. (0xc0000022)
[0923/091559.366:ERROR:exception_snapshot_win.cc(99)] thread ID 3268 not found in process
[0923/092510.078:ERROR:process_reader_win.cc(123)] NtOpenThread: {Acesso Negado} Um processo solicitou acesso a um objeto, mas o direito de acesso nï¿½o lhe foi concedido. (0xc0000022)
[0923/092510.079:ERROR:exception_snapshot_win.cc(99)] thread ID 13900 not found in process
[0923/092510.102:ERROR:process_reader_win.cc(123)] NtOpenThread: {Acesso Negado} Um processo solicitou acesso a um objeto, mas o direito de acesso nï¿½o lhe foi concedido. (0xc0000022)
[0923/092510.102:ERROR:exception_snapshot_win.cc(99)] thread ID 11692 not found in process
[0923/093949.452:ERROR:process_reader_win.cc(123)] NtOpenThread: {Acesso Negado} Um processo solicitou acesso a um objeto, mas o direito de acesso nï¿½o lhe foi concedido. (0xc0000022)
[0923/093949.454:ERROR:exception_snapshot_win.cc(99)] thread ID 824 not found in process
[0923/093949.476:ERROR:process_reader_win.cc(123)] NtOpenThread: {Acesso Negado} Um processo solicitou acesso a um objeto, mas o direito de acesso nï¿½o lhe foi concedido. (0xc0000022)
[0923/093949.476:ERROR:exception_snapshot_win.cc(99)] thread ID 1992 not found in process
[0923/095045.375:ERROR:process_reader_win.cc(123)] NtOpenThread: {Acesso Negado} Um processo solicitou acesso a um objeto, mas o direito de acesso nï¿½o lhe foi concedido. (0xc0000022)
[0923/095045.377:ERROR:exception_snapshot_win.cc(99)] thread ID 11120 not found in process
[0923/095045.384:ERROR:process_reader_win.cc(123)] NtOpenThread: {Acesso Negado} Um processo solicitou acesso a um objeto, mas o direito de acesso nï¿½o lhe foi concedido. (0xc0000022)
[0923/095045.384:ERROR:exception_snapshot_win.cc(99)] thread ID 7856 not found in process
[0924/091224.244:ERROR:process_reader_win.cc(123)] NtOpenThread: {Acesso Negado} Um processo solicitou acesso a um objeto, mas o direito de acesso nï¿½o lhe foi concedido. (0xc0000022)
[0924/091224.247:ERROR:exception_snapshot_win.cc(99)] thread ID 16792 not found in process
[0924/091224.274:ERROR:process_reader_win.cc(151)] SuspendThread: Acesso negado. (0x5)
[0924/091224.274:ERROR:process_reader_win.cc(123)] NtOpenThread: {Acesso Negado} Um processo solicitou acesso a um objeto, mas o direito de acesso nï¿½o lhe foi concedido. (0xc0000022)
[0924/091224.274:ERROR:exception_snapshot_win.cc(99)] thread ID 16736 not found in process
[0924/101212.126:ERROR:process_reader_win.cc(123)] NtOpenThread: {Acesso Negado} Um processo solicitou acesso a um objeto, mas o direito de acesso nï¿½o lhe foi concedido. (0xc0000022)
[0924/101212.127:ERROR:exception_snapshot_win.cc(99)] thread ID 11400 not found in process
[0924/101212.138:ERROR:process_reader_win.cc(123)] NtOpenThread: {Acesso Negado} Um processo solicitou acesso a um objeto, mas o direito de acesso nï¿½o lhe foi concedido. (0xc0000022)
[0924/101212.139:ERROR:exception_snapshot_win.cc(99)] thread ID 14304 not found in process
[0924/101302.152:ERROR:process_reader_win.cc(123)] NtOpenThread: {Acesso Negado} Um processo solicitou acesso a um objeto, mas o direito de acesso nï¿½o lhe foi concedido. (0xc0000022)
[0924/101302.152:ERROR:exception_snapshot_win.cc(99)] thread ID 9688 not found in process
[0924/101302.161:ERROR:process_reader_win.cc(123)] NtOpenThread: {Acesso Negado} Um processo solicitou acesso a um objeto, mas o direito de acesso nï¿½o lhe foi concedido. (0xc0000022)
[0924/101302.161:ERROR:exception_snapshot_win.cc(99)] thread ID 17104 not found in process
[0924/102149.120:ERROR:process_reader_win.cc(123)] NtOpenThread: {Acesso Negado} Um processo solicitou acesso a um objeto, mas o direito de acesso nï¿½o lhe foi concedido. (0xc0000022)
[0924/102149.121:ERROR:exception_snapshot_win.cc(99)] thread ID 15900 not found in process
[0924/102149.134:ERROR:process_reader_win.cc(123)] NtOpenThread: {Acesso Negado} Um processo solicitou acesso a um objeto, mas o direito de acesso nï¿½o lhe foi concedido. (0xc0000022)
[0924/102149.134:ERROR:exception_snapshot_win.cc(99)] thread ID 17844 not found in process
[0924/103549.711:ERROR:process_reader_win.cc(123)] NtOpenThread: {Acesso Negado} Um processo solicitou acesso a um objeto, mas o direito de acesso nï¿½o lhe foi concedido. (0xc0000022)
[0924/103549.715:ERROR:exception_snapshot_win.cc(99)] thread ID 18140 not found in process
[0924/103549.728:ERROR:process_reader_win.cc(123)] NtOpenThread: {Acesso Negado} Um processo solicitou acesso a um objeto, mas o direito de acesso nï¿½o lhe foi concedido. (0xc0000022)
[0924/103549.728:ERROR:exception_snapshot_win.cc(99)] thread ID 13204 not found in process
[0924/103847.626:ERROR:process_reader_win.cc(123)] NtOpenThread: {Acesso Negado} Um processo solicitou acesso a um objeto, mas o direito de acesso nï¿½o lhe foi concedido. (0xc0000022)
[0924/103847.627:ERROR:exception_snapshot_win.cc(99)] thread ID 14352 not found in process
[0924/103847.641:ERROR:process_reader_win.cc(123)] NtOpenThread: {Acesso Negado} Um processo solicitou acesso a um objeto, mas o direito de acesso nï¿½o lhe foi concedido. (0xc0000022)
[0924/103847.641:ERROR:exception_snapshot_win.cc(99)] thread ID 4036 not found in process
[0924/104012.201:ERROR:process_reader_win.cc(123)] NtOpenThread: {Acesso Negado} Um processo solicitou acesso a um objeto, mas o direito de acesso nï¿½o lhe foi concedido. (0xc0000022)
[0924/104012.202:ERROR:exception_snapshot_win.cc(99)] thread ID 1860 not found in process
[0924/104012.203:ERROR:process_reader_win.cc(123)] NtOpenThread: {Acesso Negado} Um processo solicitou acesso a um objeto, mas o direito de acesso nï¿½o lhe foi concedido. (0xc0000022)
[0924/104012.203:ERROR:exception_snapshot_win.cc(99)] thread ID 12584 not found in process
[0924/104012.216:ERROR:process_reader_win.cc(123)] NtOpenThread: {Acesso Negado} Um processo solicitou acesso a um objeto, mas o direito de acesso nï¿½o lhe foi concedido. (0xc0000022)
[0924/104012.216:ERROR:exception_snapshot_win.cc(99)] thread ID 10728 not found in process
[0924/104719.961:ERROR:process_reader_win.cc(123)] NtOpenThread: {Acesso Negado} Um processo solicitou acesso a um objeto, mas o direito de acesso nï¿½o lhe foi concedido. (0xc0000022)
[0924/104719.962:ERROR:exception_snapshot_win.cc(99)] thread ID 11380 not found in process
[0924/104719.985:ERROR:process_reader_win.cc(123)] NtOpenThread: {Acesso Negado} Um processo solicitou acesso a um objeto, mas o direito de acesso nï¿½o lhe foi concedido. (0xc0000022)
[0924/104719.985:ERROR:exception_snapshot_win.cc(99)] thread ID 17912 not found in process
[0924/104827.613:ERROR:process_reader_win.cc(123)] NtOpenThread: {Acesso Negado} Um processo solicitou acesso a um objeto, mas o direito de acesso nï¿½o lhe foi concedido. (0xc0000022)
[0924/104827.616:ERROR:exception_snapshot_win.cc(99)] thread ID 15760 not found in process
[0924/104827.630:ERROR:process_reader_win.cc(123)] NtOpenThread: {Acesso Negado} Um processo solicitou acesso a um objeto, mas o direito de acesso nï¿½o lhe foi concedido. (0xc0000022)
[0924/104827.630:ERROR:exception_snapshot_win.cc(99)] thread ID 11960 not found in process
[0924/105100.937:ERROR:process_reader_win.cc(123)] NtOpenThread: {Acesso Negado} Um processo solicitou acesso a um objeto, mas o direito de acesso nï¿½o lhe foi concedido. (0xc0000022)
[0924/105100.937:ERROR:exception_snapshot_win.cc(99)] thread ID 13192 not found in process
[0924/105100.947:ERROR:process_reader_win.cc(123)] NtOpenThread: {Acesso Negado} Um processo solicitou acesso a um objeto, mas o direito de acesso nï¿½o lhe foi concedido. (0xc0000022)
[0924/105100.948:ERROR:exception_snapshot_win.cc(99)] thread ID 8220 not found in process
[0924/105230.070:ERROR:process_reader_win.cc(123)] NtOpenThread: {Acesso Negado} Um processo solicitou acesso a um objeto, mas o direito de acesso nï¿½o lhe foi concedido. (0xc0000022)
[0924/105230.071:ERROR:exception_snapshot_win.cc(99)] thread ID 396 not found in process
[0924/105230.086:ERROR:process_reader_win.cc(123)] NtOpenThread: {Acesso Negado} Um processo solicitou acesso a um objeto, mas o direito de acesso nï¿½o lhe foi concedido. (0xc0000022)
[0924/105230.086:ERROR:exception_snapshot_win.cc(99)] thread ID 15628 not found in process
[0924/105635.117:ERROR:process_reader_win.cc(123)] NtOpenThread: {Acesso Negado} Um processo solicitou acesso a um objeto, mas o direito de acesso nï¿½o lhe foi concedido. (0xc0000022)
[0924/105635.118:ERROR:exception_snapshot_win.cc(99)] thread ID 18272 not found in process
[0924/105635.140:ERROR:process_reader_win.cc(123)] NtOpenThread: {Acesso Negado} Um processo solicitou acesso a um objeto, mas o direito de acesso nï¿½o lhe foi concedido. (0xc0000022)
[0924/105635.140:ERROR:exception_snapshot_win.cc(99)] thread ID 15036 not found in process
[0924/110520.686:ERROR:process_reader_win.cc(123)] NtOpenThread: {Acesso Negado} Um processo solicitou acesso a um objeto, mas o direito de acesso nï¿½o lhe foi concedido. (0xc0000022)
[0924/110520.687:ERROR:exception_snapshot_win.cc(99)] thread ID 12696 not found in process
[0924/110520.700:ERROR:process_reader_win.cc(123)] NtOpenThread: {Acesso Negado} Um processo solicitou acesso a um objeto, mas o direito de acesso nï¿½o lhe foi concedido. (0xc0000022)
[0924/110520.700:ERROR:exception_snapshot_win.cc(99)] thread ID 12120 not found in process
[0924/110654.647:ERROR:process_reader_win.cc(123)] NtOpenThread: {Acesso Negado} Um processo solicitou acesso a um objeto, mas o direito de acesso nï¿½o lhe foi concedido. (0xc0000022)
[0924/110654.647:ERROR:exception_snapshot_win.cc(99)] thread ID 18168 not found in process
[0924/110654.663:ERROR:process_reader_win.cc(123)] NtOpenThread: {Acesso Negado} Um processo solicitou acesso a um objeto, mas o direito de acesso nï¿½o lhe foi concedido. (0xc0000022)
[0924/110654.663:ERROR:exception_snapshot_win.cc(99)] thread ID 16816 not found in process
[0924/110747.200:ERROR:process_reader_win.cc(123)] NtOpenThread: {Acesso Negado} Um processo solicitou acesso a um objeto, mas o direito de acesso nï¿½o lhe foi concedido. (0xc0000022)
[0924/110747.201:ERROR:exception_snapshot_win.cc(99)] thread ID 12920 not found in process
[0924/110747.222:ERROR:process_reader_win.cc(123)] NtOpenThread: {Acesso Negado} Um processo solicitou acesso a um objeto, mas o direito de acesso nï¿½o lhe foi concedido. (0xc0000022)
[0924/110747.222:ERROR:exception_snapshot_win.cc(99)] thread ID 3948 not found in process
[0924/111151.262:ERROR:process_reader_win.cc(123)] NtOpenThread: {Acesso Negado} Um processo solicitou acesso a um objeto, mas o direito de acesso nï¿½o lhe foi concedido. (0xc0000022)
[0924/111151.263:ERROR:exception_snapshot_win.cc(99)] thread ID 13616 not found in process
[0924/111151.276:ERROR:process_reader_win.cc(123)] NtOpenThread: {Acesso Negado} Um processo solicitou acesso a um objeto, mas o direito de acesso nï¿½o lhe foi concedido. (0xc0000022)
[0924/111151.276:ERROR:exception_snapshot_win.cc(99)] thread ID 16008 not found in process
[0924/112041.623:ERROR:process_reader_win.cc(123)] NtOpenThread: {Acesso Negado} Um processo solicitou acesso a um objeto, mas o direito de acesso nï¿½o lhe foi concedido. (0xc0000022)
[0924/112041.623:ERROR:exception_snapshot_win.cc(99)] thread ID 12916 not found in process
[0924/112041.636:ERROR:process_reader_win.cc(123)] NtOpenThread: {Acesso Negado} Um processo solicitou acesso a um objeto, mas o direito de acesso nï¿½o lhe foi concedido. (0xc0000022)
[0924/112041.637:ERROR:exception_snapshot_win.cc(99)] thread ID 8504 not found in process
[0924/112124.643:ERROR:process_reader_win.cc(123)] NtOpenThread: {Acesso Negado} Um processo solicitou acesso a um objeto, mas o direito de acesso nï¿½o lhe foi concedido. (0xc0000022)
[0924/112124.643:ERROR:exception_snapshot_win.cc(99)] thread ID 3524 not found in process
[0924/112124.657:ERROR:process_reader_win.cc(123)] NtOpenThread: {Acesso Negado} Um processo solicitou acesso a um objeto, mas o direito de acesso nï¿½o lhe foi concedido. (0xc0000022)
[0924/112124.657:ERROR:exception_snapshot_win.cc(99)] thread ID 17044 not found in process
[0924/112613.211:ERROR:process_reader_win.cc(123)] NtOpenThread: {Acesso Negado} Um processo solicitou acesso a um objeto, mas o direito de acesso nï¿½o lhe foi concedido. (0xc0000022)
[0924/112613.215:ERROR:exception_snapshot_win.cc(99)] thread ID 6612 not found in process
[0924/112613.231:ERROR:process_reader_win.cc(123)] NtOpenThread: {Acesso Negado} Um processo solicitou acesso a um objeto, mas o direito de acesso nï¿½o lhe foi concedido. (0xc0000022)
[0924/112613.231:ERROR:exception_snapshot_win.cc(99)] thread ID 17360 not found in process
[0924/145251.328:ERROR:process_reader_win.cc(123)] NtOpenThread: {Acesso Negado} Um processo solicitou acesso a um objeto, mas o direito de acesso nï¿½o lhe foi concedido. (0xc0000022)
[0924/145251.328:ERROR:exception_snapshot_win.cc(99)] thread ID 4052 not found in process
[0924/145251.338:ERROR:process_reader_win.cc(123)] NtOpenThread: {Acesso Negado} Um processo solicitou acesso a um objeto, mas o direito de acesso nï¿½o lhe foi concedido. (0xc0000022)
[0924/145251.338:ERROR:exception_snapshot_win.cc(99)] thread ID 15344 not found in process
[0925/143924.095:ERROR:process_reader_win.cc(123)] NtOpenThread: {Acesso Negado} Um processo solicitou acesso a um objeto, mas o direito de acesso nï¿½o lhe foi concedido. (0xc0000022)
[0925/143924.128:ERROR:process_reader_win.cc(123)] NtOpenThread: {Acesso Negado} Um processo solicitou acesso a um objeto, mas o direito de acesso nï¿½o lhe foi concedido. (0xc0000022)
[0925/143924.155:ERROR:exception_snapshot_win.cc(99)] thread ID 1120 not found in process
[1014/144320.298:ERROR:directory_reader_win.cc(43)] FindFirstFile: O sistema nï¿½o pode encontrar o caminho especificado. (0x3)
[1014/144327.967:ERROR:process_reader_win.cc(123)] NtOpenThread: {Acesso Negado} Um processo solicitou acesso a um objeto, mas o direito de acesso nï¿½o lhe foi concedido. (0xc0000022)
[1014/144327.975:ERROR:exception_snapshot_win.cc(99)] thread ID 16368 not found in process
[1014/144327.983:ERROR:process_reader_win.cc(123)] NtOpenThread: {Acesso Negado} Um processo solicitou acesso a um objeto, mas o direito de acesso nï¿½o lhe foi concedido. (0xc0000022)
[1014/144327.983:ERROR:exception_snapshot_win.cc(99)] thread ID 6160 not found in process
[1014/145013.605:ERROR:process_reader_win.cc(123)] NtOpenThread: {Acesso Negado} Um processo solicitou acesso a um objeto, mas o direito de acesso nï¿½o lhe foi concedido. (0xc0000022)
[1014/145013.606:ERROR:exception_snapshot_win.cc(99)] thread ID 8620 not found in process
[1014/145013.621:ERROR:process_reader_win.cc(123)] NtOpenThread: {Acesso Negado} Um processo solicitou acesso a um objeto, mas o direito de acesso nï¿½o lhe foi concedido. (0xc0000022)
[1014/145013.621:ERROR:exception_snapshot_win.cc(99)] thread ID 10420 not found in process
[1014/152947.655:ERROR:directory_reader_win.cc(43)] FindFirstFile: O sistema nï¿½o pode encontrar o caminho especificado. (0x3)
[1014/155546.409:ERROR:directory_reader_win.cc(43)] FindFirstFile: O sistema nï¿½o pode encontrar o caminho especificado. (0x3)
[1014/162511.270:ERROR:directory_reader_win.cc(43)] FindFirstFile: O sistema nï¿½o pode encontrar o caminho especificado. (0x3)
[1019/095407.823:ERROR:directory_reader_win.cc(43)] FindFirstFile: O sistema nï¿½o pode encontrar o caminho especificado. (0x3)
[1019/095513.541:ERROR:process_reader_win.cc(123)] NtOpenThread: {Acesso Negado} Um processo solicitou acesso a um objeto, mas o direito de acesso nï¿½o lhe foi concedido. (0xc0000022)
[1019/095513.541:ERROR:exception_snapshot_win.cc(99)] thread ID 5292 not found in process
[1019/095513.555:ERROR:process_reader_win.cc(123)] NtOpenThread: {Acesso Negado} Um processo solicitou acesso a um objeto, mas o direito de acesso nï¿½o lhe foi concedido. (0xc0000022)
[1019/095513.555:ERROR:exception_snapshot_win.cc(99)] thread ID 9704 not found in process
[1019/100537.776:ERROR:directory_reader_win.cc(43)] FindFirstFile: O sistema nï¿½o pode encontrar o caminho especificado. (0x3)
[1019/113122.382:ERROR:process_reader_win.cc(123)] NtOpenThread: {Acesso Negado} Um processo solicitou acesso a um objeto, mas o direito de acesso nï¿½o lhe foi concedido. (0xc0000022)
[1019/113122.387:ERROR:exception_snapshot_win.cc(99)] thread ID 8136 not found in process
[1019/113122.401:ERROR:process_reader_win.cc(123)] NtOpenThread: {Acesso Negado} Um processo solicitou acesso a um objeto, mas o direito de acesso nï¿½o lhe foi concedido. (0xc0000022)
[1019/113122.401:ERROR:exception_snapshot_win.cc(99)] thread ID 4360 not found in process
[1019/114145.103:ERROR:process_reader_win.cc(123)] NtOpenThread: {Acesso Negado} Um processo solicitou acesso a um objeto, mas o direito de acesso nï¿½o lhe foi concedido. (0xc0000022)
[1019/114145.104:ERROR:exception_snapshot_win.cc(99)] thread ID 15032 not found in process
[1019/114145.116:ERROR:process_reader_win.cc(123)] NtOpenThread: {Acesso Negado} Um processo solicitou acesso a um objeto, mas o direito de acesso nï¿½o lhe foi concedido. (0xc0000022)
[1019/114145.117:ERROR:exception_snapshot_win.cc(99)] thread ID 15124 not found in process
[1019/114947.319:ERROR:process_reader_win.cc(123)] NtOpenThread: {Acesso Negado} Um processo solicitou acesso a um objeto, mas o direito de acesso nï¿½o lhe foi concedido. (0xc0000022)
[1019/114947.321:ERROR:exception_snapshot_win.cc(99)] thread ID 14528 not found in process
[1019/114947.332:ERROR:process_reader_win.cc(123)] NtOpenThread: {Acesso Negado} Um processo solicitou acesso a um objeto, mas o direito de acesso nï¿½o lhe foi concedido. (0xc0000022)
[1019/114947.332:ERROR:exception_snapshot_win.cc(99)] thread ID 8092 not found in process
[1019/115201.331:ERROR:process_reader_win.cc(123)] NtOpenThread: {Acesso Negado} Um processo solicitou acesso a um objeto, mas o direito de acesso nï¿½o lhe foi concedido. (0xc0000022)
[1019/115201.334:ERROR:exception_snapshot_win.cc(99)] thread ID 15060 not found in process
[1019/115201.353:ERROR:process_reader_win.cc(123)] NtOpenThread: {Acesso Negado} Um processo solicitou acesso a um objeto, mas o direito de acesso nï¿½o lhe foi concedido. (0xc0000022)
[1019/115201.353:ERROR:exception_snapshot_win.cc(99)] thread ID 14488 not found in process
[1019/120603.875:ERROR:directory_reader_win.cc(43)] FindFirstFile: O sistema nï¿½o pode encontrar o caminho especificado. (0x3)
[1019/135301.230:ERROR:process_reader_win.cc(123)] NtOpenThread: {Acesso Negado} Um processo solicitou acesso a um objeto, mas o direito de acesso nï¿½o lhe foi concedido. (0xc0000022)
[1019/135301.231:ERROR:exception_snapshot_win.cc(99)] thread ID 14348 not found in process
[1019/135301.240:ERROR:process_reader_win.cc(123)] NtOpenThread: {Acesso Negado} Um processo solicitou acesso a um objeto, mas o direito de acesso nï¿½o lhe foi concedido. (0xc0000022)
[1019/135301.240:ERROR:exception_snapshot_win.cc(99)] thread ID 14316 not found in process
[1019/140415.337:ERROR:directory_reader_win.cc(43)] FindFirstFile: O sistema nï¿½o pode encontrar o caminho especificado. (0x3)
[1019/140425.774:ERROR:process_reader_win.cc(123)] NtOpenThread: {Acesso Negado} Um processo solicitou acesso a um objeto, mas o direito de acesso nï¿½o lhe foi concedido. (0xc0000022)
[1019/140425.776:ERROR:exception_snapshot_win.cc(99)] thread ID 14584 not found in process
[1019/140425.795:ERROR:process_reader_win.cc(123)] NtOpenThread: {Acesso Negado} Um processo solicitou acesso a um objeto, mas o direito de acesso nï¿½o lhe foi concedido. (0xc0000022)
[1019/140425.795:ERROR:exception_snapshot_win.cc(99)] thread ID 13496 not found in process
[1019/140809.823:ERROR:process_reader_win.cc(123)] NtOpenThread: {Acesso Negado} Um processo solicitou acesso a um objeto, mas o direito de acesso nï¿½o lhe foi concedido. (0xc0000022)
[1019/140809.824:ERROR:exception_snapshot_win.cc(99)] thread ID 3456 not found in process
[1019/140809.842:ERROR:process_reader_win.cc(123)] NtOpenThread: {Acesso Negado} Um processo solicitou acesso a um objeto, mas o direito de acesso nï¿½o lhe foi concedido. (0xc0000022)
[1019/140809.842:ERROR:exception_snapshot_win.cc(99)] thread ID 12388 not found in process
[1019/142152.651:ERROR:process_reader_win.cc(123)] NtOpenThread: {Acesso Negado} Um processo solicitou acesso a um objeto, mas o direito de acesso nï¿½o lhe foi concedido. (0xc0000022)
[1019/142152.652:ERROR:exception_snapshot_win.cc(99)] thread ID 15988 not found in process
[1019/142152.668:ERROR:process_reader_win.cc(123)] NtOpenThread: {Acesso Negado} Um processo solicitou acesso a um objeto, mas o direito de acesso nï¿½o lhe foi concedido. (0xc0000022)
[1019/142152.669:ERROR:exception_snapshot_win.cc(99)] thread ID 10404 not found in process
[1019/143223.103:ERROR:process_reader_win.cc(123)] NtOpenThread: {Acesso Negado} Um processo solicitou acesso a um objeto, mas o direito de acesso nï¿½o lhe foi concedido. (0xc0000022)
[1019/143223.104:ERROR:exception_snapshot_win.cc(99)] thread ID 13528 not found in process
[1019/143223.119:ERROR:process_reader_win.cc(123)] NtOpenThread: {Acesso Negado} Um processo solicitou acesso a um objeto, mas o direito de acesso nï¿½o lhe foi concedido. (0xc0000022)
[1019/143223.119:ERROR:exception_snapshot_win.cc(99)] thread ID 5292 not found in process
[1019/144157.326:ERROR:process_reader_win.cc(123)] NtOpenThread: {Acesso Negado} Um processo solicitou acesso a um objeto, mas o direito de acesso nï¿½o lhe foi concedido. (0xc0000022)
[1019/144157.331:ERROR:exception_snapshot_win.cc(99)] thread ID 9308 not found in process
[1019/144157.346:ERROR:process_reader_win.cc(123)] NtOpenThread: {Acesso Negado} Um processo solicitou acesso a um objeto, mas o direito de acesso nï¿½o lhe foi concedido. (0xc0000022)
[1019/144157.346:ERROR:exception_snapshot_win.cc(99)] thread ID 4188 not found in process
[1019/144439.509:ERROR:process_reader_win.cc(123)] NtOpenThread: {Acesso Negado} Um processo solicitou acesso a um objeto, mas o direito de acesso nï¿½o lhe foi concedido. (0xc0000022)
[1019/144439.511:ERROR:exception_snapshot_win.cc(99)] thread ID 7300 not found in process
[1019/144439.547:ERROR:process_reader_win.cc(123)] NtOpenThread: {Acesso Negado} Um processo solicitou acesso a um objeto, mas o direito de acesso nï¿½o lhe foi concedido. (0xc0000022)
[1019/144439.547:ERROR:exception_snapshot_win.cc(99)] thread ID 14020 not found in process
[1019/145502.874:ERROR:directory_reader_win.cc(43)] FindFirstFile: O sistema nï¿½o pode encontrar o caminho especificado. (0x3)
[1019/151248.124:ERROR:process_reader_win.cc(123)] NtOpenThread: {Acesso Negado} Um processo solicitou acesso a um objeto, mas o direito de acesso nï¿½o lhe foi concedido. (0xc0000022)
[1019/151248.128:ERROR:exception_snapshot_win.cc(99)] thread ID 14844 not found in process
[1019/151248.144:ERROR:process_reader_win.cc(123)] NtOpenThread: {Acesso Negado} Um processo solicitou acesso a um objeto, mas o direito de acesso nï¿½o lhe foi concedido. (0xc0000022)
[1019/151248.144:ERROR:exception_snapshot_win.cc(99)] thread ID 15596 not found in process
[1019/151817.483:ERROR:process_reader_win.cc(123)] NtOpenThread: {Acesso Negado} Um processo solicitou acesso a um objeto, mas o direito de acesso nï¿½o lhe foi concedido. (0xc0000022)
[1019/151817.487:ERROR:exception_snapshot_win.cc(99)] thread ID 2140 not found in process
[1019/151817.510:ERROR:process_reader_win.cc(123)] NtOpenThread: {Acesso Negado} Um processo solicitou acesso a um objeto, mas o direito de acesso nï¿½o lhe foi concedido. (0xc0000022)
[1019/151817.510:ERROR:exception_snapshot_win.cc(99)] thread ID 8552 not found in process
[1020/094246.641:ERROR:directory_reader_win.cc(43)] FindFirstFile: O sistema nï¿½o pode encontrar o caminho especificado. (0x3)
[1020/095647.350:ERROR:directory_reader_win.cc(43)] FindFirstFile: O sistema nï¿½o pode encontrar o caminho especificado. (0x3)
[1020/103951.598:ERROR:process_reader_win.cc(123)] NtOpenThread: {Acesso Negado} Um processo solicitou acesso a um objeto, mas o direito de acesso nï¿½o lhe foi concedido. (0xc0000022)
[1020/103951.611:ERROR:process_reader_win.cc(123)] NtOpenThread: {Acesso Negado} Um processo solicitou acesso a um objeto, mas o direito de acesso nï¿½o lhe foi concedido. (0xc0000022)
[1020/103951.619:ERROR:exception_snapshot_win.cc(99)] thread ID 17188 not found in process
[1020/103951.619:ERROR:exception_snapshot_win.cc(99)] thread ID 12428 not found in process
[1021/105645.076:ERROR:directory_reader_win.cc(43)] FindFirstFile: O sistema nï¿½o pode encontrar o caminho especificado. (0x3)
[1021/111507.581:ERROR:directory_reader_win.cc(43)] FindFirstFile: O sistema nï¿½o pode encontrar o caminho especificado. (0x3)
[1021/112054.308:ERROR:process_reader_win.cc(123)] NtOpenThread: {Acesso Negado} Um processo solicitou acesso a um objeto, mas o direito de acesso nï¿½o lhe foi concedido. (0xc0000022)
[1021/112054.295:ERROR:process_reader_win.cc(123)] NtOpenThread: {Acesso Negado} Um processo solicitou acesso a um objeto, mas o direito de acesso nï¿½o lhe foi concedido. (0xc0000022)
[1021/112054.350:ERROR:exception_snapshot_win.cc(99)] thread ID 16596 not found in process
[1021/112054.350:ERROR:exception_snapshot_win.cc(99)] thread ID 13296 not found in process
[1021/112809.421:ERROR:process_reader_win.cc(123)] NtOpenThread: {Acesso Negado} Um processo solicitou acesso a um objeto, mas o direito de acesso nï¿½o lhe foi concedido. (0xc0000022)
[1021/112809.423:ERROR:exception_snapshot_win.cc(99)] thread ID 14072 not found in process
[1021/112809.436:ERROR:process_reader_win.cc(123)] NtOpenThread: {Acesso Negado} Um processo solicitou acesso a um objeto, mas o direito de acesso nï¿½o lhe foi concedido. (0xc0000022)
[1021/112809.436:ERROR:exception_snapshot_win.cc(99)] thread ID 13152 not found in process
[1021/113054.656:ERROR:process_reader_win.cc(123)] NtOpenThread: {Acesso Negado} Um processo solicitou acesso a um objeto, mas o direito de acesso nï¿½o lhe foi concedido. (0xc0000022)
[1021/113054.658:ERROR:exception_snapshot_win.cc(99)] thread ID 16692 not found in process
[1021/113054.671:ERROR:process_reader_win.cc(123)] NtOpenThread: {Acesso Negado} Um processo solicitou acesso a um objeto, mas o direito de acesso nï¿½o lhe foi concedido. (0xc0000022)
[1021/113054.671:ERROR:exception_snapshot_win.cc(99)] thread ID 8300 not found in process
[1021/114920.206:ERROR:directory_reader_win.cc(43)] FindFirstFile: O sistema nï¿½o pode encontrar o caminho especificado. (0x3)
[1021/120950.574:ERROR:process_reader_win.cc(123)] NtOpenThread: {Acesso Negado} Um processo solicitou acesso a um objeto, mas o direito de acesso nï¿½o lhe foi concedido. (0xc0000022)
[1021/120950.574:ERROR:exception_snapshot_win.cc(99)] thread ID 12800 not found in process
[1021/120950.584:ERROR:process_reader_win.cc(123)] NtOpenThread: {Acesso Negado} Um processo solicitou acesso a um objeto, mas o direito de acesso nï¿½o lhe foi concedido. (0xc0000022)
[1021/120950.584:ERROR:exception_snapshot_win.cc(99)] thread ID 1740 not found in process
[1021/121937.662:ERROR:process_reader_win.cc(123)] NtOpenThread: {Acesso Negado} Um processo solicitou acesso a um objeto, mas o direito de acesso nï¿½o lhe foi concedido. (0xc0000022)
[1021/121937.663:ERROR:exception_snapshot_win.cc(99)] thread ID 8848 not found in process
[1021/121937.671:ERROR:process_reader_win.cc(123)] NtOpenThread: {Acesso Negado} Um processo solicitou acesso a um objeto, mas o direito de acesso nï¿½o lhe foi concedido. (0xc0000022)
[1021/121937.671:ERROR:exception_snapshot_win.cc(99)] thread ID 764 not found in process
[1021/123253.787:ERROR:directory_reader_win.cc(43)] FindFirstFile: O sistema nï¿½o pode encontrar o caminho especificado. (0x3)
[1021/131714.263:ERROR:process_reader_win.cc(123)] NtOpenThread: {Acesso Negado} Um processo solicitou acesso a um objeto, mas o direito de acesso nï¿½o lhe foi concedido. (0xc0000022)
[1021/131714.263:ERROR:exception_snapshot_win.cc(99)] thread ID 1044 not found in process
[1021/131714.273:ERROR:process_reader_win.cc(123)] NtOpenThread: {Acesso Negado} Um processo solicitou acesso a um objeto, mas o direito de acesso nï¿½o lhe foi concedido. (0xc0000022)
[1021/131714.273:ERROR:exception_snapshot_win.cc(99)] thread ID 7572 not found in process
[1021/132012.918:ERROR:process_reader_win.cc(123)] NtOpenThread: {Acesso Negado} Um processo solicitou acesso a um objeto, mas o direito de acesso nï¿½o lhe foi concedido. (0xc0000022)
[1021/132012.919:ERROR:exception_snapshot_win.cc(99)] thread ID 6816 not found in process
[1021/132012.933:ERROR:process_reader_win.cc(123)] NtOpenThread: {Acesso Negado} Um processo solicitou acesso a um objeto, mas o direito de acesso nï¿½o lhe foi concedido. (0xc0000022)
[1021/132012.933:ERROR:exception_snapshot_win.cc(99)] thread ID 3456 not found in process
[1021/134330.024:ERROR:process_reader_win.cc(123)] NtOpenThread: {Acesso Negado} Um processo solicitou acesso a um objeto, mas o direito de acesso nï¿½o lhe foi concedido. (0xc0000022)
[1021/134330.025:ERROR:exception_snapshot_win.cc(99)] thread ID 1308 not found in process
[1021/134330.036:ERROR:process_reader_win.cc(123)] NtOpenThread: {Acesso Negado} Um processo solicitou acesso a um objeto, mas o direito de acesso nï¿½o lhe foi concedido. (0xc0000022)
[1021/134330.036:ERROR:exception_snapshot_win.cc(99)] thread ID 13912 not found in process
[1021/135514.874:ERROR:directory_reader_win.cc(43)] FindFirstFile: O sistema nï¿½o pode encontrar o caminho especificado. (0x3)
[1021/145001.136:ERROR:process_reader_win.cc(123)] NtOpenThread: {Acesso Negado} Um processo solicitou acesso a um objeto, mas o direito de acesso nï¿½o lhe foi concedido. (0xc0000022)
[1021/145001.136:ERROR:exception_snapshot_win.cc(99)] thread ID 584 not found in process
[1021/145001.153:ERROR:process_reader_win.cc(123)] NtOpenThread: {Acesso Negado} Um processo solicitou acesso a um objeto, mas o direito de acesso nï¿½o lhe foi concedido. (0xc0000022)
[1021/145001.153:ERROR:exception_snapshot_win.cc(99)] thread ID 17212 not found in process
[1022/110204.778:ERROR:process_reader_win.cc(123)] NtOpenThread: {Acesso Negado} Um processo solicitou acesso a um objeto, mas o direito de acesso nï¿½o lhe foi concedido. (0xc0000022)
[1022/110204.765:ERROR:process_reader_win.cc(123)] NtOpenThread: {Acesso Negado} Um processo solicitou acesso a um objeto, mas o direito de acesso nï¿½o lhe foi concedido. (0xc0000022)
[1022/110204.821:ERROR:exception_snapshot_win.cc(99)] thread ID 5100 not found in process
[1022/110204.821:ERROR:exception_snapshot_win.cc(99)] thread ID 2808 not found in process
[1023/135444.688:ERROR:directory_reader_win.cc(43)] FindFirstFile: O sistema nï¿½o pode encontrar o caminho especificado. (0x3)
[1023/140827.786:ERROR:process_reader_win.cc(123)] NtOpenThread: {Acesso Negado} Um processo solicitou acesso a um objeto, mas o direito de acesso nï¿½o lhe foi concedido. (0xc0000022)
[1023/140827.800:ERROR:process_reader_win.cc(123)] NtOpenThread: {Acesso Negado} Um processo solicitou acesso a um objeto, mas o direito de acesso nï¿½o lhe foi concedido. (0xc0000022)
[1023/140827.841:ERROR:exception_snapshot_win.cc(99)] thread ID 2772 not found in process
[1023/140827.841:ERROR:exception_snapshot_win.cc(99)] thread ID 11476 not found in process
[1023/141533.322:ERROR:process_reader_win.cc(123)] NtOpenThread: {Acesso Negado} Um processo solicitou acesso a um objeto, mas o direito de acesso nï¿½o lhe foi concedido. (0xc0000022)
[1023/141533.323:ERROR:exception_snapshot_win.cc(99)] thread ID 10000 not found in process
[1023/141533.342:ERROR:process_reader_win.cc(123)] NtOpenThread: {Acesso Negado} Um processo solicitou acesso a um objeto, mas o direito de acesso nï¿½o lhe foi concedido. (0xc0000022)
[1023/141533.342:ERROR:exception_snapshot_win.cc(99)] thread ID 5040 not found in process
[1023/172350.210:ERROR:directory_reader_win.cc(43)] FindFirstFile: O sistema nï¿½o pode encontrar o caminho especificado. (0x3)
[1023/173419.306:ERROR:process_reader_win.cc(123)] NtOpenThread: {Acesso Negado} Um processo solicitou acesso a um objeto, mas o direito de acesso nï¿½o lhe foi concedido. (0xc0000022)
[1023/173419.306:ERROR:exception_snapshot_win.cc(99)] thread ID 6760 not found in process
[1025/192928.259:ERROR:process_reader_win.cc(123)] NtOpenThread: {Acesso Negado} Um processo solicitou acesso a um objeto, mas o direito de acesso nï¿½o lhe foi concedido. (0xc0000022)
[1025/192928.260:ERROR:exception_snapshot_win.cc(99)] thread ID 16168 not found in process
[1025/192928.274:ERROR:process_reader_win.cc(123)] NtOpenThread: {Acesso Negado} Um processo solicitou acesso a um objeto, mas o direito de acesso nï¿½o lhe foi concedido. (0xc0000022)
[1025/192928.274:ERROR:exception_snapshot_win.cc(99)] thread ID 8988 not found in process
[1025/194356.745:ERROR:directory_reader_win.cc(43)] FindFirstFile: O sistema nï¿½o pode encontrar o caminho especificado. (0x3)
[1025/210417.248:ERROR:process_reader_win.cc(123)] NtOpenThread: {Acesso Negado} Um processo solicitou acesso a um objeto, mas o direito de acesso nï¿½o lhe foi concedido. (0xc0000022)
[1025/210417.249:ERROR:exception_snapshot_win.cc(99)] thread ID 16896 not found in process
[1025/210417.261:ERROR:process_reader_win.cc(123)] NtOpenThread: {Acesso Negado} Um processo solicitou acesso a um objeto, mas o direito de acesso nï¿½o lhe foi concedido. (0xc0000022)
[1025/210417.261:ERROR:exception_snapshot_win.cc(99)] thread ID 14360 not found in process
[1026/011008.951:ERROR:process_reader_win.cc(123)] NtOpenThread: {Acesso Negado} Um processo solicitou acesso a um objeto, mas o direito de acesso nï¿½o lhe foi concedido. (0xc0000022)
[1026/011008.967:ERROR:process_reader_win.cc(123)] NtOpenThread: {Acesso Negado} Um processo solicitou acesso a um objeto, mas o direito de acesso nï¿½o lhe foi concedido. (0xc0000022)
[1026/011009.005:ERROR:exception_snapshot_win.cc(99)] thread ID 16444 not found in process
[1026/011009.005:ERROR:exception_snapshot_win.cc(99)] thread ID 14404 not found in process
[1026/011528.618:ERROR:process_reader_win.cc(123)] NtOpenThread: {Acesso Negado} Um processo solicitou acesso a um objeto, mas o direito de acesso nï¿½o lhe foi concedido. (0xc0000022)
[1026/011528.620:ERROR:exception_snapshot_win.cc(99)] thread ID 7360 not found in process
[1026/011528.640:ERROR:process_reader_win.cc(123)] NtOpenThread: {Acesso Negado} Um processo solicitou acesso a um objeto, mas o direito de acesso nï¿½o lhe foi concedido. (0xc0000022)
[1026/011528.641:ERROR:exception_snapshot_win.cc(99)] thread ID 3920 not found in process
[1026/012255.161:ERROR:process_reader_win.cc(123)] NtOpenThread: {Acesso Negado} Um processo solicitou acesso a um objeto, mas o direito de acesso nï¿½o lhe foi concedido. (0xc0000022)
[1026/012255.164:ERROR:exception_snapshot_win.cc(99)] thread ID 4780 not found in process
[1026/012255.185:ERROR:process_reader_win.cc(123)] NtOpenThread: {Acesso Negado} Um processo solicitou acesso a um objeto, mas o direito de acesso nï¿½o lhe foi concedido. (0xc0000022)
[1026/012255.185:ERROR:exception_snapshot_win.cc(99)] thread ID 11052 not found in process
[1026/012901.664:ERROR:process_reader_win.cc(123)] NtOpenThread: {Acesso Negado} Um processo solicitou acesso a um objeto, mas o direito de acesso nï¿½o lhe foi concedido. (0xc0000022)
[1026/012901.666:ERROR:exception_snapshot_win.cc(99)] thread ID 2484 not found in process
[1026/012901.688:ERROR:process_reader_win.cc(123)] NtOpenThread: {Acesso Negado} Um processo solicitou acesso a um objeto, mas o direito de acesso nï¿½o lhe foi concedido. (0xc0000022)
[1026/012901.688:ERROR:exception_snapshot_win.cc(99)] thread ID 1856 not found in process
[1026/015647.637:ERROR:directory_reader_win.cc(43)] FindFirstFile: O sistema nï¿½o pode encontrar o caminho especificado. (0x3)
[1026/021052.971:ERROR:process_reader_win.cc(123)] NtOpenThread: {Acesso Negado} Um processo solicitou acesso a um objeto, mas o direito de acesso nï¿½o lhe foi concedido. (0xc0000022)
[1026/021052.971:ERROR:exception_snapshot_win.cc(99)] thread ID 11980 not found in process
[1026/021052.978:ERROR:process_reader_win.cc(123)] NtOpenThread: {Acesso Negado} Um processo solicitou acesso a um objeto, mas o direito de acesso nï¿½o lhe foi concedido. (0xc0000022)
[1026/021052.978:ERROR:exception_snapshot_win.cc(99)] thread ID 13408 not found in process
[1026/103423.972:ERROR:process_reader_win.cc(123)] NtOpenThread: {Acesso Negado} Um processo solicitou acesso a um objeto, mas o direito de acesso nï¿½o lhe foi concedido. (0xc0000022)
[1026/103423.974:ERROR:exception_snapshot_win.cc(99)] thread ID 4052 not found in process
[1026/103423.986:ERROR:process_reader_win.cc(123)] NtOpenThread: {Acesso Negado} Um processo solicitou acesso a um objeto, mas o direito de acesso nï¿½o lhe foi concedido. (0xc0000022)
[1026/103423.986:ERROR:exception_snapshot_win.cc(99)] thread ID 14192 not found in process
[1026/110526.714:ERROR:process_reader_win.cc(123)] NtOpenThread: {Acesso Negado} Um processo solicitou acesso a um objeto, mas o direito de acesso nï¿½o lhe foi concedido. (0xc0000022)
[1026/110526.714:ERROR:exception_snapshot_win.cc(99)] thread ID 3496 not found in process
[1026/110526.724:ERROR:process_reader_win.cc(123)] NtOpenThread: {Acesso Negado} Um processo solicitou acesso a um objeto, mas o direito de acesso nï¿½o lhe foi concedido. (0xc0000022)
[1026/110526.724:ERROR:exception_snapshot_win.cc(99)] thread ID 14404 not found in process
[1026/111935.421:ERROR:process_reader_win.cc(123)] NtOpenThread: {Acesso Negado} Um processo solicitou acesso a um objeto, mas o direito de acesso nï¿½o lhe foi concedido. (0xc0000022)
[1026/111935.422:ERROR:exception_snapshot_win.cc(99)] thread ID 96 not found in process
[1026/111935.429:ERROR:process_reader_win.cc(123)] NtOpenThread: {Acesso Negado} Um processo solicitou acesso a um objeto, mas o direito de acesso nï¿½o lhe foi concedido. (0xc0000022)
[1026/111935.429:ERROR:exception_snapshot_win.cc(99)] thread ID 11688 not found in process
[1026/145749.087:ERROR:directory_reader_win.cc(43)] FindFirstFile: O sistema nï¿½o pode encontrar o caminho especificado. (0x3)
[1026/151754.804:ERROR:process_reader_win.cc(123)] NtOpenThread: {Acesso Negado} Um processo solicitou acesso a um objeto, mas o direito de acesso nï¿½o lhe foi concedido. (0xc0000022)
[1026/151754.805:ERROR:exception_snapshot_win.cc(99)] thread ID 15232 not found in process
[1027/103748.448:ERROR:process_reader_win.cc(123)] NtOpenThread: {Acesso Negado} Um processo solicitou acesso a um objeto, mas o direito de acesso nï¿½o lhe foi concedido. (0xc0000022)
[1027/103748.461:ERROR:exception_snapshot_win.cc(99)] thread ID 556 not found in process
[1027/103748.480:ERROR:process_reader_win.cc(123)] NtOpenThread: {Acesso Negado} Um processo solicitou acesso a um objeto, mas o direito de acesso nï¿½o lhe foi concedido. (0xc0000022)
[1027/103748.480:ERROR:exception_snapshot_win.cc(99)] thread ID 10968 not found in process
[1027/145315.365:ERROR:process_reader_win.cc(123)] NtOpenThread: {Acesso Negado} Um processo solicitou acesso a um objeto, mas o direito de acesso nï¿½o lhe foi concedido. (0xc0000022)
[1027/145315.352:ERROR:process_reader_win.cc(123)] NtOpenThread: {Acesso Negado} Um processo solicitou acesso a um objeto, mas o direito de acesso nï¿½o lhe foi concedido. (0xc0000022)
[1027/145315.390:ERROR:exception_snapshot_win.cc(99)] thread ID 3464 not found in process
[1027/145315.390:ERROR:exception_snapshot_win.cc(99)] thread ID 1688 not found in process
[1116/155847.923:ERROR:process_reader_win.cc(123)] NtOpenThread: {Acesso Negado} Um processo solicitou acesso a um objeto, mas o direito de acesso não lhe foi concedido. (0xc0000022)
[1116/155847.927:ERROR:exception_snapshot_win.cc(99)] thread ID 15784 not found in process
[1116/155847.939:ERROR:process_reader_win.cc(123)] NtOpenThread: {Acesso Negado} Um processo solicitou acesso a um objeto, mas o direito de acesso não lhe foi concedido. (0xc0000022)
[1116/155847.939:ERROR:exception_snapshot_win.cc(99)] thread ID 7724 not found in process
[0112/103655.489:ERROR:process_reader_win.cc(123)] NtOpenThread: {Acesso Negado} Um processo solicitou acesso a um objeto, mas o direito de acesso não lhe foi concedido. (0xc0000022)
[0112/103655.471:ERROR:process_reader_win.cc(123)] NtOpenThread: {Acesso Negado} Um processo solicitou acesso a um objeto, mas o direito de acesso não lhe foi concedido. (0xc0000022)
[0112/103655.522:ERROR:exception_snapshot_win.cc(99)] thread ID 2572 not found in process
[0112/103655.522:ERROR:exception_snapshot_win.cc(99)] thread ID 1148 not found in process
[0112/103814.415:ERROR:process_reader_win.cc(123)] NtOpenThread: {Acesso Negado} Um processo solicitou acesso a um objeto, mas o direito de acesso não lhe foi concedido. (0xc0000022)
[0112/103814.417:ERROR:exception_snapshot_win.cc(99)] thread ID 8896 not found in process
[0112/103814.449:ERROR:process_reader_win.cc(123)] NtOpenThread: {Acesso Negado} Um processo solicitou acesso a um objeto, mas o direito de acesso não lhe foi concedido. (0xc0000022)
[0112/103814.449:ERROR:exception_snapshot_win.cc(99)] thread ID 9056 not found in process
[0113/145945.472:ERROR:process_reader_win.cc(123)] NtOpenThread: {Acesso Negado} Um processo solicitou acesso a um objeto, mas o direito de acesso não lhe foi concedido. (0xc0000022)
[0113/145945.533:ERROR:exception_snapshot_win.cc(99)] thread ID 9784 not found in process
[0113/150805.400:ERROR:process_reader_win.cc(123)] NtOpenThread: {Acesso Negado} Um processo solicitou acesso a um objeto, mas o direito de acesso não lhe foi concedido. (0xc0000022)
[0113/150805.401:ERROR:exception_snapshot_win.cc(99)] thread ID 14136 not found in process
[0113/150805.446:ERROR:process_reader_win.cc(123)] NtOpenThread: {Acesso Negado} Um processo solicitou acesso a um objeto, mas o direito de acesso não lhe foi concedido. (0xc0000022)
[0113/150805.446:ERROR:exception_snapshot_win.cc(99)] thread ID 8112 not found in process
[0113/151835.532:ERROR:directory_reader_win.cc(43)] FindFirstFile: O sistema não pode encontrar o caminho especificado. (0x3)
[0115/105036.947:ERROR:process_reader_win.cc(123)] NtOpenThread: {Acesso Negado} Um processo solicitou acesso a um objeto, mas o direito de acesso não lhe foi concedido. (0xc0000022)
[0115/105036.951:ERROR:exception_snapshot_win.cc(99)] thread ID 12452 not found in process
[0115/105037.036:ERROR:process_reader_win.cc(123)] NtOpenThread: {Acesso Negado} Um processo solicitou acesso a um objeto, mas o direito de acesso não lhe foi concedido. (0xc0000022)
[0115/105037.036:ERROR:exception_snapshot_win.cc(99)] thread ID 12076 not found in process
